-------------------------------------------------------------------------------
Test set: com.searchengine.SearchEngineApplicationTests
-------------------------------------------------------------------------------
Tests run: 1, Failures: 0, Errors: 1, Skipped: 0, Time elapsed: 13.233 s <<< FAILURE! - in com.searchengine.SearchEngineApplicationTests
contextLoads  Time elapsed: 0.064 s  <<< ERROR!
java.lang.IllegalStateException: Failed to load ApplicationContext
Caused by: org.springframework.beans.factory.BeanCreationException: Error creating bean with name 'topicRepository': FactoryBean threw exception on object creation; nested exception is java.lang.IllegalArgumentException: Not a managed type: class com.searchengine.SearchData
Caused by: java.lang.IllegalArgumentException: Not a managed type: class com.searchengine.SearchData

